<?xml version="1.0" encoding="UTF-8"?>
<testsuite xmlns:xsi="http://www.w3.org/2001/XMLSchema-instance" xsi:noNamespaceSchemaLocation="https://maven.apache.org/surefire/maven-surefire-plugin/xsd/surefire-test-report-3.0.xsd" version="3.0" name="br.investimentos.service.RendimentoServiceTest" time="0.714" tests="11" errors="0" skipped="0" failures="0">
  <properties>
[...]
</properties>
  <testcase name="calcularVi_vaiMaisSam" classname="br.investimentos.service.RendimentoServiceTest" time="0.635"/>
  <testcase name="calcularSam_soDepositos" classname="br.investimentos.service.RendimentoServiceTest" time="0.005"/>
  <testcase name="calcularSomaRendimentosAnteriores_segundoMes_igualARJaneiro" classname="br.investimentos.service.RendimentoServiceTest" time="0.004"/>
  <testcase name="calcularSomaRendimentosAnteriores_semVtaAnterior_retornaZero" classname="br.investimentos.service.RendimentoServiceTest" time="0.002"/>
  <testcase name="calcularSam_depositoMenosSaque" classname="br.investimentos.service.RendimentoServiceTest" time="0.003"/>
  <testcase name="calcularR_porIdMesAno_semVta_retornaZero" classname="br.investimentos.service.RendimentoServiceTest" time="0.005"/>
  <testcase name="calcularR_vtaMensal_rendimentoPositivo" classname="br.investimentos.service.RendimentoServiceTest" time="0.003"/>
  <testcase name="calcularR_vtaMensal_rendimentoNegativo" classname="br.investimentos.service.RendimentoServiceTest" time="0.003"/>
  <testcase name="calcularSam_semMovimentacoes_retornaZero" classname="br.investimentos.service.RendimentoServiceTest" time="0.004"/>
  <testcase name="calcularR_porIdMesAno_comVta" classname="br.investimentos.service.RendimentoServiceTest" time="0.005"/>
  <testcase name="calcularSomaRendimentosAnteriores_primeiroMes_retornaZero" classname="br.investimentos.service.RendimentoServiceTest" time="0.003"/>
</testsuite>